File "./t/code/error/infix/infix_precedence.bel", line 21, column 1:
21 |s_app2 : value E1 ->
    ^^^^^^^^^^^^^^^^^^^^
22 |         E2 step E2' ->
    ^^^^^^^^^^^^^^^^^^^^^^^
23 |      % --------------------------
    ^^^^^^^^^^^^^^^^^^^^^^^^^^^^^^^^^^
24 |         E1 app E2 step E1 app E2'.
    ^^^^^^^^^^^^^^^^^^^^^^^^^^^^^^^^^^^
Error: Failed to disambiguate old-style LF type-level or term-level constant
       declaration.
       - As an LF type:
         File "./t/code/error/infix/infix_precedence.bel", line 24, column 10:
         24 |         E1 app E2 step E1 app E2'.
                      ^^^^^^^^^^^^^^^^^^^^^^^^^ 
         Error: Term applications may not appear as LF kinds.
       - As an LF term:
         File "./t/code/error/infix/infix_precedence.bel", line 24, column 28:
         24 |         E1 app E2 step E1 app E2'.
                                        ^^^     
         Error: Expected an LF type-level constant.
                File "./t/code/error/infix/infix_precedence.bel", line 8,
                column 1:
                8 |app : tm -> tm -> tm.           --infix app 2 left.
                   ^^^                                                
                Error: app is a bound LF term constant.
