File "./t/code/error/coverage/systemf.bel", line 107, column 15:
107 |      fn d => (case d of
                   ^^^^^^^^^^
108 |  %
     ^^^
109 |  %  [g |- #p1.4] =>  ?
     ^^^^^^^^^^^^^^^^^^^^^^^
110 |  %
     ^^^
111 |  % [g |- f_app Z Y1] =>  ?
     ^^^^^^^^^^^^^^^^^^^^^^^^^^^
112 |  %
     ^^^
113 | [g |- f_lam (\x. \x483. X1)] =>  ?
     ^^^^^^^^^^^^^^^^^^^^^^^^^^^^^^^^^^^
114 | |
     ^^
115 | [g |- f_tapp Z1] =>  ?
     ^^^^^^^^^^^^^^^^^^^^^^^
116 | |
     ^^
117 | [g |- f_tlam (\a. Y2)] =>  ?
     ^^^^^^^^^^^^^^^^^^^^^^^^^^^^^
118 |)
     ^
Error: 
######   COVERAGE FAILURE: Case expression doesn't cover: ######
##       CASE(S) NOT COVERED:
(1)
X : (g |- hastype M1 (arr A1 A)), X1 : (g |- hastype M2 A1) ;  |-
  [_ |- f_app X X1]
(2)
#p :
  #(g |-
      block (
        x : tm_f,
        y : obj,
        u : tmrel x y,
        v : hastype x (A[..]),
        r : tyrel (A[..]) (X[..]),
        w : oftype y (X[..]))) ;
 |- [_ |- #p.4]

##
